<?xml version="1.0" encoding="UTF-8"?>
<testng-results ignored="0" total="4" passed="4" failed="0" skipped="0">
  <reporter-output>
  </reporter-output>
  <suite started-at="2022-01-22T13:08:58 IST" name="Suite" finished-at="2022-01-22T13:09:07 IST" duration-ms="8632">
    <groups>
    </groups>
    <test started-at="2022-01-22T13:08:58 IST" name="Test" finished-at="2022-01-22T13:09:07 IST" duration-ms="8632">
      <class name="pk.address.DeleteAddress">
        <test-method signature="CreateAddress()[pri:1, instance:pk.address.DeleteAddress@7bba5817]" started-at="2022-01-22T13:09:00 IST" name="CreateAddress" finished-at="2022-01-22T13:09:03 IST" duration-ms="2483" status="PASS">
          <reporter-output>
          </reporter-output>
        </test-method> <!-- CreateAddress -->
        <test-method signature="updateAddress()[pri:2, instance:pk.address.DeleteAddress@7bba5817]" started-at="2022-01-22T13:09:03 IST" name="updateAddress" finished-at="2022-01-22T13:09:05 IST" duration-ms="2032" status="PASS">
          <reporter-output>
          </reporter-output>
        </test-method> <!-- updateAddress -->
        <test-method signature="deleteAnAddress()[pri:3, instance:pk.address.DeleteAddress@7bba5817]" started-at="2022-01-22T13:09:05 IST" name="deleteAnAddress" finished-at="2022-01-22T13:09:07 IST" duration-ms="1910" status="PASS">
          <reporter-output>
          </reporter-output>
        </test-method> <!-- deleteAnAddress -->
      </class> <!-- pk.address.DeleteAddress -->
      <class name="pk.countries.Retrieve_a_Country">
        <test-method signature="retriveacountry()[pri:0, instance:pk.countries.Retrieve_a_Country@1ca3b418]" started-at="2022-01-22T13:08:58 IST" name="retriveacountry" finished-at="2022-01-22T13:09:00 IST" duration-ms="2181" status="PASS">
          <reporter-output>
          </reporter-output>
        </test-method> <!-- retriveacountry -->
      </class> <!-- pk.countries.Retrieve_a_Country -->
    </test> <!-- Test -->
  </suite> <!-- Suite -->
</testng-results>
