<?xml version="1.0" encoding="UTF-8"?>
<!-- Generated by org.testng.reporters.JUnitXMLReporter -->
<testsuite ignored="0" hostname="L76003" failures="0" tests="4" name="Test" time="8.632" errors="0" timestamp="2022-01-22T13:09:07 IST">
  <testcase classname="pk.countries.Retrieve_a_Country" name="retriveacountry" time="2.181"/>
  <testcase classname="pk.address.DeleteAddress" name="CreateAddress" time="2.483"/>
  <testcase classname="pk.address.DeleteAddress" name="updateAddress" time="2.032"/>
  <testcase classname="pk.address.DeleteAddress" name="deleteAnAddress" time="1.91"/>
</testsuite> <!-- Test -->
